19-05-19 12:22:52 StartEnd.py[line:10] INFO -------setUp-------
19-05-19 12:22:52 desired_caps.py[line:39] INFO star app……
19-05-19 12:23:10 test_login.py[line:11] INFO ------test login1-----
19-05-19 12:23:10 common_fun.py[line:107] INFO ------get _csv_data------
19-05-19 12:23:10 common_fun.py[line:22] INFO --------check cancelBtn--------
19-05-19 12:23:17 common_fun.py[line:26] INFO no cancelBtn
19-05-19 12:23:17 common_fun.py[line:32] INFO --------check skipBtn--------
19-05-19 12:23:22 common_fun.py[line:36] INFO no skipBtn
19-05-19 12:23:22 loginView.py[line:25] INFO -------login_action-------
19-05-19 12:23:22 loginView.py[line:26] INFO username is:Chen2675046489
19-05-19 12:23:28 StartEnd.py[line:14] INFO -------tearDown-------
19-05-19 12:27:44 StartEnd.py[line:10] INFO -------setUp-------
19-05-19 12:27:44 desired_caps.py[line:39] INFO star app……
19-05-19 12:28:03 test_login.py[line:11] INFO ------test login1-----
19-05-19 12:28:03 common_fun.py[line:107] INFO ------get _csv_data------
19-05-19 12:28:03 common_fun.py[line:22] INFO --------check cancelBtn--------
19-05-19 12:28:04 common_fun.py[line:32] INFO --------check skipBtn--------
19-05-19 12:28:05 loginView.py[line:25] INFO -------login_action-------
19-05-19 12:28:05 loginView.py[line:26] INFO username is:Chen2675046489
19-05-19 12:28:07 loginView.py[line:28] INFO password is:Chen123456
19-05-19 12:28:08 loginView.py[line:31] INFO -------login finished-------
19-05-19 12:28:20 loginView.py[line:46] INFO ------check_loginStatus------
19-05-19 12:28:20 common_fun.py[line:96] INFO ------check_market_ad------
19-05-19 12:28:20 common_fun.py[line:102] INFO ------close market_ad------
19-05-19 12:28:20 loginView.py[line:36] INFO ------check_account_alert------
19-05-19 12:28:26 loginView.py[line:58] INFO ------登录成功-----
19-05-19 12:28:26 loginView.py[line:63] INFO ------logout_action------
19-05-19 12:30:00 StartEnd.py[line:10] INFO -------setUp-------
19-05-19 12:30:00 desired_caps.py[line:39] INFO star app……
19-05-19 12:30:19 test_login.py[line:11] INFO ------test login1-----
19-05-19 12:30:19 common_fun.py[line:107] INFO ------get _csv_data------
19-05-19 12:30:19 common_fun.py[line:22] INFO --------check cancelBtn--------
19-05-19 12:30:20 common_fun.py[line:32] INFO --------check skipBtn--------
19-05-19 12:30:21 loginView.py[line:25] INFO -------login_action-------
19-05-19 12:30:21 loginView.py[line:26] INFO username is:Chen2675046489
19-05-19 12:30:23 loginView.py[line:28] INFO password is:Chen123456
19-05-19 12:30:24 loginView.py[line:31] INFO -------login finished-------
19-05-19 12:30:36 loginView.py[line:46] INFO ------check_loginStatus------
19-05-19 12:30:36 common_fun.py[line:96] INFO ------check_market_ad------
19-05-19 12:30:36 common_fun.py[line:102] INFO ------close market_ad------
19-05-19 12:30:36 loginView.py[line:36] INFO ------check_account_alert------
19-05-19 12:30:42 loginView.py[line:58] INFO ------登录成功-----
19-05-19 14:36:41 StartEnd.py[line:10] INFO -------setUp-------
19-05-19 14:36:41 desired_caps.py[line:39] INFO star app……
19-05-19 14:47:41 StartEnd.py[line:10] INFO -------setUp-------
19-05-19 14:47:41 desired_caps.py[line:39] INFO star app……
19-05-19 14:48:03 test_login.py[line:11] INFO ------test login1-----
19-05-19 14:48:03 common_fun.py[line:106] INFO ------get _csv_data------
19-05-19 14:48:03 common_fun.py[line:21] INFO --------check cancelBtn--------
19-05-19 14:48:04 common_fun.py[line:31] INFO --------check skipBtn--------
19-05-19 14:48:04 loginView.py[line:25] INFO -------login_action-------
19-05-19 14:48:04 loginView.py[line:26] INFO username is:Chen2675046489
19-05-19 14:48:07 loginView.py[line:28] INFO password is:Chen123456
19-05-19 14:48:08 loginView.py[line:31] INFO -------login finished-------
19-05-19 14:48:20 loginView.py[line:46] INFO ------check_loginStatus------
19-05-19 14:48:20 common_fun.py[line:95] INFO ------check_market_ad------
19-05-19 14:48:20 common_fun.py[line:101] INFO ------close market_ad------
19-05-19 14:48:20 loginView.py[line:36] INFO ------check_account_alert------
19-05-19 14:48:22 loginView.py[line:42] INFO -------close tip_commit------
19-05-19 14:48:23 loginView.py[line:58] INFO ------登录成功-----
19-05-19 15:23:07 StartEnd.py[line:10] INFO -------setUp-------
19-05-19 15:23:07 desired_caps.py[line:39] INFO star app……
19-05-19 15:51:23 StartEnd.py[line:10] INFO -------setUp-------
19-05-19 15:51:23 desired_caps.py[line:39] INFO star app……
19-05-19 15:54:45 StartEnd.py[line:10] INFO -------setUp-------
19-05-19 15:54:45 desired_caps.py[line:39] INFO star app……
19-05-19 15:55:21 test_renwu.py[line:13] INFO ------进行任务选择-------
19-05-19 15:55:21 common_fun.py[line:21] INFO --------check cancelBtn--------
19-05-19 15:55:22 common_fun.py[line:31] INFO --------check skipBtn--------
19-05-19 15:55:22 loginView.py[line:25] INFO -------login_action-------
19-05-19 15:55:22 loginView.py[line:26] INFO username is:Chen2675046489
19-05-19 15:55:24 loginView.py[line:28] INFO password is:Chen123456
19-05-19 15:55:25 loginView.py[line:31] INFO -------login finished-------
19-05-19 15:55:37 loginView.py[line:46] INFO ------check_loginStatus------
19-05-19 15:55:37 common_fun.py[line:95] INFO ------check_market_ad------
19-05-19 15:55:37 common_fun.py[line:101] INFO ------close market_ad------
19-05-19 15:55:37 loginView.py[line:36] INFO ------check_account_alert------
19-05-19 15:55:44 loginView.py[line:58] INFO ------登录成功-----
19-05-19 15:55:44 StartEnd.py[line:14] INFO -------tearDown-------
19-05-19 17:41:41 StartEnd.py[line:10] INFO -------setUp-------
19-05-19 17:41:41 desired_caps.py[line:39] INFO star app……
19-05-19 17:42:02 test_renwu.py[line:14] INFO ------进行任务选择-------
19-05-19 17:42:02 common_fun.py[line:21] INFO --------check cancelBtn--------
19-05-19 17:42:03 common_fun.py[line:31] INFO --------check skipBtn--------
19-05-19 17:42:04 loginView.py[line:25] INFO -------login_action-------
19-05-19 17:42:04 loginView.py[line:26] INFO username is:Chen2675046489
19-05-19 17:42:07 loginView.py[line:28] INFO password is:Chen123456
19-05-19 17:42:08 loginView.py[line:45] INFO ------check_loginStatus------
19-05-19 17:42:08 common_fun.py[line:95] INFO ------check_market_ad------
19-05-19 17:42:12 common_fun.py[line:101] INFO ------close market_ad------
19-05-19 17:42:12 loginView.py[line:34] INFO ------check_account_alert------
19-05-19 17:42:18 loginView.py[line:57] INFO ------登录成功-----
19-05-19 17:42:18 common_fun.py[line:74] INFO swipeUp
19-05-19 17:42:18 StartEnd.py[line:14] INFO -------tearDown-------
19-05-19 17:43:59 StartEnd.py[line:10] INFO -------setUp-------
19-05-19 17:43:59 desired_caps.py[line:39] INFO star app……
19-05-19 17:44:21 test_renwu.py[line:14] INFO ------进行任务选择-------
19-05-19 17:44:21 common_fun.py[line:21] INFO --------check cancelBtn--------
19-05-19 17:44:21 common_fun.py[line:31] INFO --------check skipBtn--------
19-05-19 17:44:22 loginView.py[line:25] INFO -------login_action-------
19-05-19 17:44:22 loginView.py[line:26] INFO username is:Chen2675046489
19-05-19 17:44:24 loginView.py[line:28] INFO password is:Chen123456
19-05-19 17:44:25 loginView.py[line:34] INFO ------check_account_alert------
19-05-19 17:44:31 loginView.py[line:45] INFO ------check_loginStatus------
19-05-19 17:44:31 common_fun.py[line:95] INFO ------check_market_ad------
19-05-19 17:44:31 common_fun.py[line:101] INFO ------close market_ad------
19-05-19 17:44:31 loginView.py[line:34] INFO ------check_account_alert------
19-05-19 17:44:38 loginView.py[line:57] INFO ------登录成功-----
19-05-19 17:44:38 common_fun.py[line:74] INFO swipeUp
19-05-19 17:44:38 StartEnd.py[line:14] INFO -------tearDown-------
19-05-19 22:43:19 StartEnd.py[line:10] INFO -------setUp-------
19-05-19 22:43:19 desired_caps.py[line:39] INFO star app……
19-05-19 22:43:40 test_renwu.py[line:14] INFO ------进行任务选择-------
19-05-19 22:43:40 common_fun.py[line:21] INFO --------check cancelBtn--------
19-05-19 22:43:40 common_fun.py[line:31] INFO --------check skipBtn--------
19-05-19 22:43:41 loginView.py[line:25] INFO -------login_action-------
19-05-19 22:43:41 loginView.py[line:26] INFO username is:Chen2675046489
19-05-19 22:43:44 loginView.py[line:28] INFO password is:Chen123456
19-05-19 22:43:45 loginView.py[line:34] INFO ------check_account_alert------
19-05-19 22:43:50 loginView.py[line:45] INFO ------check_loginStatus------
19-05-19 22:43:50 common_fun.py[line:95] INFO ------check_market_ad------
19-05-19 22:43:50 common_fun.py[line:101] INFO ------close market_ad------
19-05-19 22:43:50 loginView.py[line:34] INFO ------check_account_alert------
19-05-19 22:43:57 loginView.py[line:57] INFO ------登录成功-----
19-05-19 22:43:57 StartEnd.py[line:14] INFO -------tearDown-------
19-05-19 22:49:32 StartEnd.py[line:10] INFO -------setUp-------
19-05-19 22:49:32 desired_caps.py[line:39] INFO star app……
19-05-19 22:49:53 test_renwu.py[line:14] INFO ------进行任务选择-------
19-05-19 22:49:53 common_fun.py[line:21] INFO --------check cancelBtn--------
19-05-19 22:49:53 common_fun.py[line:31] INFO --------check skipBtn--------
19-05-19 22:49:54 loginView.py[line:25] INFO -------login_action-------
19-05-19 22:49:54 loginView.py[line:26] INFO username is:Chen2675046489
19-05-19 22:49:57 loginView.py[line:28] INFO password is:Chen123456
19-05-19 22:49:58 loginView.py[line:34] INFO ------check_account_alert------
19-05-19 22:50:08 StartEnd.py[line:14] INFO -------tearDown-------
19-05-19 23:05:04 StartEnd.py[line:10] INFO -------setUp-------
19-05-19 23:05:04 desired_caps.py[line:39] INFO star app……
19-05-19 23:05:25 test_renwu.py[line:14] INFO ------进行任务选择-------
19-05-19 23:05:25 common_fun.py[line:21] INFO --------check cancelBtn--------
19-05-19 23:05:26 common_fun.py[line:31] INFO --------check skipBtn--------
19-05-19 23:05:26 loginView.py[line:25] INFO -------login_action-------
19-05-19 23:05:26 loginView.py[line:26] INFO username is:Chen2675046489
19-05-19 23:05:29 loginView.py[line:28] INFO password is:Chen123456
19-05-19 23:05:30 loginView.py[line:34] INFO ------check_account_alert------
19-05-19 23:05:35 StartEnd.py[line:14] INFO -------tearDown-------
19-05-19 23:07:41 StartEnd.py[line:10] INFO -------setUp-------
19-05-19 23:07:41 desired_caps.py[line:39] INFO star app……
19-05-19 23:08:01 test_renwu.py[line:15] INFO ------进行任务选择-------
19-05-19 23:08:01 common_fun.py[line:21] INFO --------check cancelBtn--------
19-05-19 23:08:01 common_fun.py[line:31] INFO --------check skipBtn--------
19-05-19 23:08:02 loginView.py[line:25] INFO -------login_action-------
19-05-19 23:08:02 loginView.py[line:26] INFO username is:Chen2675046489
19-05-19 23:08:04 loginView.py[line:28] INFO password is:Chen123456
19-05-19 23:08:05 loginView.py[line:34] INFO ------check_account_alert------
19-05-19 23:08:11 StartEnd.py[line:14] INFO -------tearDown-------
19-05-19 23:08:55 StartEnd.py[line:10] INFO -------setUp-------
19-05-19 23:08:55 desired_caps.py[line:39] INFO star app……
19-05-19 23:09:16 test_renwu.py[line:15] INFO ------进行任务选择-------
19-05-19 23:09:16 common_fun.py[line:21] INFO --------check cancelBtn--------
19-05-19 23:09:16 common_fun.py[line:31] INFO --------check skipBtn--------
19-05-19 23:09:17 StartEnd.py[line:14] INFO -------tearDown-------
19-05-19 23:10:45 StartEnd.py[line:10] INFO -------setUp-------
19-05-19 23:10:45 desired_caps.py[line:39] INFO star app……
19-05-19 23:11:05 test_renwu.py[line:15] INFO ------进行任务选择-------
19-05-19 23:11:05 common_fun.py[line:21] INFO --------check cancelBtn--------
19-05-19 23:11:06 common_fun.py[line:31] INFO --------check skipBtn--------
19-05-19 23:11:07 loginView.py[line:25] INFO -------login_action-------
19-05-19 23:11:07 loginView.py[line:26] INFO username is:Chen2675046489
19-05-19 23:11:08 loginView.py[line:28] INFO password is:Chen123456
19-05-19 23:11:09 loginView.py[line:34] INFO ------check_account_alert------
19-05-19 23:12:47 desired_caps.py[line:39] INFO star app……
19-05-19 23:13:09 common_fun.py[line:21] INFO --------check cancelBtn--------
19-05-19 23:13:09 common_fun.py[line:31] INFO --------check skipBtn--------
19-05-19 23:13:10 loginView.py[line:25] INFO -------login_action-------
19-05-19 23:13:10 loginView.py[line:26] INFO username is:Chen2675046489
19-05-19 23:13:13 loginView.py[line:28] INFO password is:Chen12123
19-05-19 23:13:14 loginView.py[line:46] INFO ------check_loginStatus------
19-05-19 23:13:14 common_fun.py[line:95] INFO ------check_market_ad------
19-05-19 23:13:19 loginView.py[line:35] INFO ------check_account_alert------
19-05-19 23:13:30 loginView.py[line:54] ERROR ------登录失败------
19-05-19 23:13:30 common_fun.py[line:90] INFO 获取 login Fail 成功
19-05-19 23:13:39 desired_caps.py[line:39] INFO star app……
19-05-19 23:14:00 common_fun.py[line:21] INFO --------check cancelBtn--------
19-05-19 23:14:01 common_fun.py[line:31] INFO --------check skipBtn--------
19-05-19 23:14:01 loginView.py[line:25] INFO -------login_action-------
19-05-19 23:14:01 loginView.py[line:26] INFO username is:Chen2675046489
19-05-19 23:14:04 loginView.py[line:28] INFO password is:Chen123456
19-05-19 23:14:05 loginView.py[line:46] INFO ------check_loginStatus------
19-05-19 23:14:05 common_fun.py[line:95] INFO ------check_market_ad------
19-05-19 23:14:09 common_fun.py[line:101] INFO ------close market_ad------
19-05-19 23:14:09 loginView.py[line:35] INFO ------check_account_alert------
19-05-19 23:14:15 loginView.py[line:58] INFO ------登录成功-----
19-05-19 23:15:54 StartEnd.py[line:10] INFO -------setUp-------
19-05-19 23:15:54 desired_caps.py[line:39] INFO star app……
19-05-19 23:16:14 test_renwu.py[line:15] INFO ------进行任务选择-------
19-05-19 23:16:14 common_fun.py[line:21] INFO --------check cancelBtn--------
19-05-19 23:16:15 common_fun.py[line:31] INFO --------check skipBtn--------
19-05-19 23:16:16 loginView.py[line:25] INFO -------login_action-------
19-05-19 23:16:16 loginView.py[line:26] INFO username is:Chen2675046489
19-05-19 23:16:18 loginView.py[line:28] INFO password is:Chen123456
19-05-19 23:16:19 loginView.py[line:46] INFO ------check_loginStatus------
19-05-19 23:16:19 common_fun.py[line:95] INFO ------check_market_ad------
19-05-19 23:16:23 common_fun.py[line:101] INFO ------close market_ad------
19-05-19 23:16:23 loginView.py[line:35] INFO ------check_account_alert------
19-05-19 23:16:30 loginView.py[line:58] INFO ------登录成功-----
19-05-19 23:17:50 StartEnd.py[line:10] INFO -------setUp-------
19-05-19 23:17:50 desired_caps.py[line:39] INFO star app……
19-05-19 23:18:10 test_renwu.py[line:15] INFO ------进行任务选择-------
19-05-19 23:18:10 common_fun.py[line:21] INFO --------check cancelBtn--------
19-05-19 23:18:11 common_fun.py[line:31] INFO --------check skipBtn--------
19-05-19 23:18:11 loginView.py[line:25] INFO -------login_action-------
19-05-19 23:18:11 loginView.py[line:26] INFO username is:Chen2675046489
19-05-19 23:18:14 loginView.py[line:28] INFO password is:Chen123456
19-05-19 23:18:15 loginView.py[line:34] INFO ------check_account_alert------
19-05-19 23:22:06 StartEnd.py[line:10] INFO -------setUp-------
19-05-19 23:22:06 desired_caps.py[line:39] INFO star app……
19-05-19 23:22:28 test_renwu.py[line:15] INFO ------进行任务选择-------
19-05-19 23:22:28 common_fun.py[line:21] INFO --------check cancelBtn--------
19-05-19 23:22:28 common_fun.py[line:31] INFO --------check skipBtn--------
19-05-19 23:22:29 loginView.py[line:25] INFO -------login_action-------
19-05-19 23:22:29 loginView.py[line:26] INFO username is:Chen2675046489
19-05-19 23:22:32 loginView.py[line:28] INFO password is:Chen123456
19-05-19 23:22:33 loginView.py[line:45] INFO ------check_loginStatus------
19-05-19 23:22:33 common_fun.py[line:95] INFO ------check_market_ad------
19-05-19 23:22:38 common_fun.py[line:101] INFO ------close market_ad------
19-05-19 23:22:38 loginView.py[line:34] INFO ------check_account_alert------
19-05-19 23:22:45 loginView.py[line:57] INFO ------登录成功-----
19-05-19 23:42:22 StartEnd.py[line:10] INFO -------setUp-------
19-05-19 23:42:22 desired_caps.py[line:39] INFO star app……
19-05-19 23:42:43 test_renwu.py[line:15] INFO ------进行任务选择-------
19-05-19 23:42:43 common_fun.py[line:21] INFO --------check cancelBtn--------
19-05-19 23:42:43 common_fun.py[line:31] INFO --------check skipBtn--------
19-05-19 23:42:44 loginView.py[line:25] INFO -------login_action-------
19-05-19 23:42:44 loginView.py[line:26] INFO username is:Chen2675046489
19-05-19 23:42:47 loginView.py[line:28] INFO password is:Chen123456
19-05-19 23:42:48 loginView.py[line:45] INFO ------check_loginStatus------
19-05-19 23:42:48 common_fun.py[line:95] INFO ------check_market_ad------
19-05-19 23:42:52 common_fun.py[line:101] INFO ------close market_ad------
19-05-19 23:42:52 loginView.py[line:34] INFO ------check_account_alert------
19-05-19 23:42:58 loginView.py[line:57] INFO ------登录成功-----
19-05-19 23:53:13 StartEnd.py[line:10] INFO -------setUp-------
19-05-19 23:53:13 desired_caps.py[line:39] INFO star app……
19-05-19 23:54:55 StartEnd.py[line:10] INFO -------setUp-------
19-05-19 23:54:55 desired_caps.py[line:39] INFO star app……
19-05-19 23:55:23 test_renwu.py[line:14] INFO ------进行任务选择-------
19-05-19 23:55:23 common_fun.py[line:21] INFO --------check cancelBtn--------
19-05-19 23:55:24 common_fun.py[line:31] INFO --------check skipBtn--------
19-05-19 23:55:25 loginView.py[line:25] INFO -------login_action-------
19-05-19 23:55:25 loginView.py[line:26] INFO username is:Chen2675046489
19-05-19 23:55:27 loginView.py[line:28] INFO password is:Chen123456
19-05-19 23:55:28 loginView.py[line:45] INFO ------check_loginStatus------
19-05-19 23:55:28 common_fun.py[line:95] INFO ------check_market_ad------
19-05-19 23:55:33 common_fun.py[line:101] INFO ------close market_ad------
19-05-19 23:55:33 loginView.py[line:34] INFO ------check_account_alert------
19-05-19 23:55:39 loginView.py[line:57] INFO ------登录成功------
19-05-19 23:56:47 StartEnd.py[line:10] INFO -------setUp-------
19-05-19 23:56:47 desired_caps.py[line:39] INFO star app……
19-05-19 23:57:05 test_renwu.py[line:14] INFO ------进行任务选择-------
19-05-19 23:57:05 common_fun.py[line:21] INFO --------check cancelBtn--------
19-05-19 23:57:06 common_fun.py[line:31] INFO --------check skipBtn--------
19-05-19 23:57:07 loginView.py[line:25] INFO -------login_action-------
19-05-19 23:57:07 loginView.py[line:26] INFO username is:Chen2675046489
19-05-19 23:57:09 loginView.py[line:28] INFO password is:Chen123456
19-05-19 23:57:10 loginView.py[line:45] INFO ------check_loginStatus------
19-05-19 23:57:10 common_fun.py[line:95] INFO ------check_market_ad------
19-05-19 23:57:15 common_fun.py[line:101] INFO ------close market_ad------
19-05-19 23:57:15 loginView.py[line:34] INFO ------check_account_alert------
19-05-19 23:57:22 loginView.py[line:57] INFO ------登录成功------
19-05-19 23:57:22 test_renwu.py[line:26] INFO -----close_task------
19-05-20 00:05:42 desired_caps.py[line:39] INFO star app……
19-05-20 00:06:01 common_fun.py[line:21] INFO --------check cancelBtn--------
19-05-20 00:06:02 common_fun.py[line:31] INFO --------check skipBtn--------
19-05-20 00:06:03 loginView.py[line:25] INFO -------login_action-------
19-05-20 00:06:03 loginView.py[line:26] INFO username is:Chen2675046489
19-05-20 00:06:05 loginView.py[line:28] INFO password is:Chen123456
