[35m[Appium][39m Welcome to Appium v1.12.1
[35m[Appium][39m Non-default server args:
[35m[Appium][39m   address: 127.0.0.1
[35m[HTTP][39m Could not start REST http interface listener. The requested port may already be in use. Please make sure there is no other instance of this server running already.
Fatal Error: listen EADDRINUSE 127.0.0.1:4723
    at Server.setupListenHandle [as _listen2] (net.js:1286:14)
    at listenInCluster (net.js:1334:12)
    at doListen (net.js:1460:7)
    at process._tickCallback (internal/process/next_tick.js:63:19)
´æ´¢²»×ã£¬ÎÞ·¨´¦Àí´ËÃüÁî¡£

(kyb_testProject) D:\kyb_testProject\common>eset":false,"appium:unicodeKeyboard":true,"appium:resetKeyboard":true,"appium:automationName":"uiautomator2"}]},"desiredCapabilities":{"platformName":"Android","deviceName":"127.0.0.1:5555","platformVersion":"5.1.1","udid":"emulator-5554","app":"D:\\kyb_testProject\\app\\kaoyan3.1.0.apk","appPackage":"com.tal.kaoyan","appActivity":"com.tal.kaoyan.ui.activity.SplashActivity","noReset":false,"unicodeKeyboard":true,"resetKeyboard":true,"automationName":"uiautomator2"}}[39m
[debug] [35m[W3C][39m Calling AppiumDriver.createSession() with args: [{"platformName":"Android","deviceName":"127.0.0.1:5555","platformVersion":"5.1.1","udid":"emulator-5554","app":"D:\\kyb_testProject\\app\\kaoyan3.1.0.apk","appPackage":"com.tal.kaoyan","appActivity":"com.tal.kaoyan.ui.activity.SplashActivity","noReset":false,"unicodeKeyboard":true,"resetKeyboard":true,"automationName":"uiautomator2"},null,{"firstMatch":[{"platformName":"Android","appium:deviceName":"127.0.0.1:5555","appium:platformVersion":"5.1.1","appium:udid":"emulator-5554","appium:app":"D:\\kyb_testProject\\app\\kaoyan3.1.0.apk","appium:appPackage":"com.tal.kaoyan","appium:appActivity":"com.tal.kaoyan.ui.activity.SplashActivity","appium:noReset":false,"appium:unicodeKeyboard":true,"appium:resetKeyboard":true,"appium:automationName":"uiautomator2"}]}]
[debug] [35m[BaseDriver][39m Event 'newSessionRequested' logged at 1555859317718 (23:08:37 GMT+0800 (GMT+08:00))
[35m[Appium][39m Appium v1.12.1 creating new AndroidUiautomator2Driver (v1.33.1) session
[35m[Appium][39m Capabilities:
[35m[Appium][39m   platformName: Android
[35m[Appium][39m   deviceName: 127.0.0.1:5555
[35m[Appium][39m   platformVersion: 5.1.1
[35m[Appium][39m   udid: emulator-5554
[35m[Appium][39m   app: D:\kyb_testProject\app\kaoyan3.1.0.apk
[35m[Appium][39m   appPackage: com.tal.kaoyan
[35m[Appium][39m   appActivity: com.tal.kaoyan.ui.activity.SplashActivity
[35m[Appium][39m   noReset: false
[35m[Appium][39m   unicodeKeyboard: true
[35m[Appium][39m   resetKeyboard: true
[35m[Appium][39m   automationName: uiautomator2
[debug] [35m[BaseDriver][39m W3C capabilities {"alwaysMatch":{"platformNa... and MJSONWP desired capabilities {"platformName":"Android","... were provided
[debug] [35m[BaseDriver][39m Creating session with W3C capabilities: {"alwaysMatch":{"platformNa...
[35m[BaseDriver][39m Session created with session id: 256b259d-e22d-4be3-a89f-2d52cba0b922
[35m[BaseDriver][39m Using local app 'D:\kyb_testProject\app\kaoyan3.1.0.apk'
[debug] [35m[UiAutomator2][39m Checking whether app is actually present
[35m[ADB][39m Found 1 'build-tools' folders under 'E:\android-sdk-windows' (newest first):
[35m[ADB][39m     E:/android-sdk-windows/build-tools/android-4.4W
[35m[ADB][39m Using 'adb.exe' from 'E:\android-sdk-windows\platform-tools\adb.exe'
[35m[AndroidDriver][39m Retrieving device list
[debug] [35m[ADB][39m Trying to find a connected android device
[debug] [35m[ADB][39m Getting connected devices...
[debug] [35m[ADB][39m 2 device(s) connected
[35m[AndroidDriver][39m Using device: emulator-5554
[35m[ADB][39m Using 'adb.exe' from 'E:\android-sdk-windows\platform-tools\adb.exe'
[debug] [35m[ADB][39m Setting device id to emulator-5554
[debug] [35m[ADB][39m Running 'E:\android-sdk-windows\platform-tools\adb.exe -P 5037 -s emulator-5554 shell getprop ro.build.version.sdk'
[debug] [35m[ADB][39m Current device property 'ro.build.version.sdk': 22
[debug] [35m[ADB][39m Device API level: 22
[debug] [35m[ADB][39m Running 'E:\android-sdk-windows\platform-tools\adb.exe -P 5037 -s emulator-5554 wait-for-device'
[debug] [35m[ADB][39m Running 'E:\android-sdk-windows\platform-tools\adb.exe -P 5037 -s emulator-5554 shell echo ping'
[debug] [35m[AndroidDriver][39m Pushing settings apk to device...
[debug] [35m[ADB][39m Getting install status for io.appium.settings
[debug] [35m[ADB][39m Running 'E:\android-sdk-windows\platform-tools\adb.exe -P 5037 -s emulator-5554 shell dumpsys package io.appium.settings'
[debug] [35m[ADB][39m 'io.appium.settings' is installed
[debug] [35m[ADB][39m Getting package info for 'io.appium.settings'
[debug] [35m[ADB][39m Running 'E:\android-sdk-windows\platform-tools\adb.exe -P 5037 -s emulator-5554 shell dumpsys package io.appium.settings'
[35m[ADB][39m Using 'aapt.exe' from 'E:\android-sdk-windows\build-tools\android-4.4W\aapt.exe'
[debug] [35m[ADB][39m The version name of the installed 'io.appium.settings' is greater or equal to the application version name ('2.14.0' >= '2.14.0')
[debug] [35m[ADB][39m There is no need to install/upgrade 'C:\Users\Administrator\AppData\Roaming\npm\node_modules\appium\node_modules\_io.appium.settings@2.14.0@io.appium.settings\apks\settings_apk-debug.apk'
[debug] [35m[ADB][39m Getting IDs of all 'io.appium.settings' processes
[debug] [35m[ADB][39m Running 'E:\android-sdk-windows\platform-tools\adb.exe -P 5037 -s emulator-5554 shell 'pgrep --help; echo $?''
[debug] [35m[ADB][39m Running 'E:\android-sdk-windows\platform-tools\adb.exe -P 5037 -s emulator-5554 shell pgrep \^appium\\.settings\$'
[35m[AndroidDriver][39m Granting android.permission.SET_ANIMATION_SCALE, CHANGE_CONFIGURATION, ACCESS_FINE_LOCATION by pm grant
[debug] [35m[ADB][39m Granting permissions ["android.permission.SET_ANIMATION_SCALE","android.permission.CHANGE_CONFIGURATION","android.permission.ACCESS_FINE_LOCATION"] to 'io.appium.settings'
[debug] [35m[ADB][39m Got the following command chunks to execute: [["pm","grant","io.appium.settings","android.permission.SET_ANIMATION_SCALE",";","pm","grant","io.appium.settings","android.permission.CHANGE_CONFIGURATION",";","pm","grant","io.appium.settings","android.permission.ACCESS_FINE_LOCATION",";"]]
[debug] [35m[ADB][39m Running 'E:\android-sdk-windows\platform-tools\adb.exe -P 5037 -s emulator-5554 shell pm grant io.appium.settings android.permission.SET_ANIMATION_SCALE \; pm grant io.appium.settings android.permission.CHANGE_CONFIGURATION \; pm grant io.appium.settings android.permission.ACCESS_FINE_LOCATION \;'
[debug] [35m[ADB][39m Running 'E:\android-sdk-windows\platform-tools\adb.exe -P 5037 -s emulator-5554 shell am start -W -n io.appium.settings/.Settings -a android.intent.action.MAIN -c android.intent.category.LAUNCHER -f 0x10200000'
[debug] [35m[ADB][39m Running 'E:\android-sdk-windows\platform-tools\adb.exe -P 5037 -s emulator-5554 shell settings put secure mock_location 1'
[debug] [35m[Logcat][39m Starting logcat capture
[debug] [35m[AndroidDriver][39m Enabling Unicode keyboard support
[debug] [35m[ADB][39m Running 'E:\android-sdk-windows\platform-tools\adb.exe -P 5037 -s emulator-5554 shell settings get secure default_input_method'
[debug] [35m[AndroidDriver][39m Unsetting previous IME io.appium.settings/.UnicodeIME
[debug] [35m[AndroidDriver][39m Setting IME to 'io.appium.settings/.UnicodeIME'
[debug] [35m[ADB][39m Running 'E:\android-sdk-windows\platform-tools\adb.exe -P 5037 -s emulator-5554 shell ime enable io.appium.settings/.UnicodeIME'
[debug] [35m[ADB][39m Running 'E:\android-sdk-windows\platform-tools\adb.exe -P 5037 -s emulator-5554 shell ime set io.appium.settings/.UnicodeIME'
[debug] [35m[ADB][39m Getting install status for io.appium.uiautomator2.server
[debug] [35m[ADB][39m Running 'E:\android-sdk-windows\platform-tools\adb.exe -P 5037 -s emulator-5554 shell dumpsys package io.appium.uiautomator2.server'
[debug] [35m[ADB][39m 'io.appium.uiautomator2.server' is installed
[debug] [35m[ADB][39m Getting package info for 'io.appium.uiautomator2.server'
[debug] [35m[ADB][39m Running 'E:\android-sdk-windows\platform-tools\adb.exe -P 5037 -s emulator-5554 shell dumpsys package io.appium.uiautomator2.server'
[debug] [35m[ADB][39m The version name of the installed 'io.appium.uiautomator2.server' is greater or equal to the application version name ('3.5.0' >= '3.5.0')
[debug] [35m[UiAutomator2][39m io.appium.uiautomator2.server installation state: sameVersionInstalled
[debug] [35m[ADB][39m Checking app cert for C:\Users\Administrator\AppData\Roaming\npm\node_modules\appium\node_modules\_appium-uiautomator2-server@3.5.0@appium-uiautomator2-server\apks\appium-uiautomator2-server-v3.5.0.apk
[35m[ADB][39m Cannot use apksigner tool for signature verification. Original error: Could not find 'apksigner.bat' in ["E:\\android-sdk-windows\\platform-tools\\apksigner.bat","E:\\android-sdk-windows\\emulator\\apksigner.bat","E:\\android-sdk-windows\\tools\\apksigner.bat","E:\\android-sdk-windows\\tools\\bin\\apksigner.bat","E:\\android-sdk-windows\\build-tools\\android-4.4W\\apksigner.bat"]. Do you have Android Build Tools installed at 'E:\android-sdk-windows'?
[debug] [35m[ADB][39m Defaulting to verify.jar
[debug] [35m[ADB][39m 'C:\Users\Administrator\AppData\Roaming\npm\node_modules\appium\node_modules\_appium-uiautomator2-server@3.5.0@appium-uiautomator2-server\apks\appium-uiautomator2-server-v3.5.0.apk' is already signed.
[debug] [35m[ADB][39m Getting install status for io.appium.uiautomator2.server.test
[debug] [35m[ADB][39m Running 'E:\android-sdk-windows\platform-tools\adb.exe -P 5037 -s emulator-5554 shell dumpsys package io.appium.uiautomator2.server.test'
[debug] [35m[ADB][39m 'io.appium.uiautomator2.server.test' is installed
[debug] [35m[ADB][39m Checking app cert for C:\Users\Administrator\AppData\Roaming\npm\node_modules\appium\node_modules\_appium-uiautomator2-server@3.5.0@appium-uiautomator2-server\apks\appium-uiautomator2-server-debug-androidTest.apk
[35m[ADB][39m Cannot use apksigner tool for signature verification. Original error: Could not find 'apksigner.bat' in ["E:\\android-sdk-windows\\platform-tools\\apksigner.bat","E:\\android-sdk-windows\\emulator\\apksigner.bat","E:\\android-sdk-windows\\tools\\apksigner.bat","E:\\android-sdk-windows\\tools\\bin\\apksigner.bat","E:\\android-sdk-windows\\build-tools\\android-4.4W\\apksigner.bat"]. Do you have Android Build Tools installed at 'E:\android-sdk-windows'?
[debug] [35m[ADB][39m Defaulting to verify.jar
[debug] [35m[ADB][39m 'C:\Users\Administrator\AppData\Roaming\npm\node_modules\appium\node_modules\_appium-uiautomator2-server@3.5.0@appium-uiautomator2-server\apks\appium-uiautomator2-server-debug-androidTest.apk' is already signed.
[35m[UiAutomator2][39m Server packages are not going to be (re)installed
[debug] [35m[UiAutomator2][39m Waiting up to 30000ms for services to be available
[debug] [35m[ADB][39m Running 'E:\android-sdk-windows\platform-tools\adb.exe -P 5037 -s emulator-5554 shell pm list instrumentation'
[debug] [35m[UiAutomator2][39m Instrumentation target 'io.appium.uiautomator2.server.test/androidx.test.runner.AndroidJUnitRunner' is available
[debug] [35m[UiAutomator2][39m Forwarding UiAutomator2 Server port 6790 to 8210
[debug] [35m[ADB][39m Forwarding system: 8210 to device: 6790
[debug] [35m[ADB][39m Running 'E:\android-sdk-windows\platform-tools\adb.exe -P 5037 -s emulator-5554 forward tcp\:8210 tcp\:6790'
[debug] [35m[ADB][39m Checking app cert for D:\kyb_testProject\app\kaoyan3.1.0.apk
[35m[ADB][39m Cannot use apksigner tool for signature verification. Original error: Could not find 'apksigner.bat' in ["E:\\android-sdk-windows\\platform-tools\\apksigner.bat","E:\\android-sdk-windows\\emulator\\apksigner.bat","E:\\android-sdk-windows\\tools\\apksigner.bat","E:\\android-sdk-windows\\tools\\bin\\apksigner.bat","E:\\android-sdk-windows\\build-tools\\android-4.4W\\apksigner.bat"]. Do you have Android Build Tools installed at 'E:\android-sdk-windows'?
[debug] [35m[ADB][39m Defaulting to verify.jar
[debug] [35m[ADB][39m 'D:\kyb_testProject\app\kaoyan3.1.0.apk' is already signed.
[debug] [35m[ADB][39m Getting install status for com.tal.kaoyan
[debug] [35m[ADB][39m Running 'E:\android-sdk-windows\platform-tools\adb.exe -P 5037 -s emulator-5554 shell dumpsys package com.tal.kaoyan'
[debug] [35m[ADB][39m 'com.tal.kaoyan' is installed
[debug] [35m[ADB][39m Getting install status for com.tal.kaoyan
[debug] [35m[ADB][39m Running 'E:\android-sdk-windows\platform-tools\adb.exe -P 5037 -s emulator-5554 shell dumpsys package com.tal.kaoyan'
[debug] [35m[ADB][39m 'com.tal.kaoyan' is installed
[debug] [35m[ADB][39m Getting package info for 'com.tal.kaoyan'
[debug] [35m[ADB][39m Running 'E:\android-sdk-windows\platform-tools\adb.exe -P 5037 -s emulator-5554 shell dumpsys package com.tal.kaoyan'
[debug] [35m[ADB][39m The version name of the installed 'com.tal.kaoyan' is greater or equal to the application version name ('3.1.0' >= '3.1.0')
[debug] [35m[ADB][39m There is no need to install/upgrade 'D:\kyb_testProject\app\kaoyan3.1.0.apk'
[35m[AndroidDriver][39m Performing fast reset on 'com.tal.kaoyan'
[debug] [35m[ADB][39m Getting install status for com.tal.kaoyan
[debug] [35m[ADB][39m Running 'E:\android-sdk-windows\platform-tools\adb.exe -P 5037 -s emulator-5554 shell dumpsys package com.tal.kaoyan'
[debug] [35m[ADB][39m 'com.tal.kaoyan' is installed
[debug] [35m[ADB][39m Running 'E:\android-sdk-windows\platform-tools\adb.exe -P 5037 -s emulator-5554 shell am force-stop com.tal.kaoyan'
[debug] [35m[ADB][39m Running 'E:\android-sdk-windows\platform-tools\adb.exe -P 5037 -s emulator-5554 shell pm clear com.tal.kaoyan'
[debug] [35m[AndroidDriver][39m Performed fast reset on the installed 'com.tal.kaoyan' application (stop and clear)
[debug] [35m[UiAutomator2][39m Performing shallow cleanup of automation leftovers
[debug] [35m[UiAutomator2][39m The following obsolete sessions are still running: ["d72e60e7-b4a7-4ed1-b097-5e3a9748a593"]
[debug] [35m[UiAutomator2][39m Cleaning up the obsolete sessions
[debug] [35m[ADB][39m Running 'E:\android-sdk-windows\platform-tools\adb.exe -P 5037 -s emulator-5554 shell am force-stop io.appium.uiautomator2.server.test'
[35m[UiAutomator2][39m Starting UIAutomator2 server 3.5.0
[35m[UiAutomator2][39m Using UIAutomator2 server from 'C:\Users\Administrator\AppData\Roaming\npm\node_modules\appium\node_modules\_appium-uiautomator2-server@3.5.0@appium-uiautomator2-server\apks\appium-uiautomator2-server-v3.5.0.apk' and test from 'C:\Users\Administrator\AppData\Roaming\npm\node_modules\appium\node_modules\_appium-uiautomator2-server@3.5.0@appium-uiautomator2-server\apks\appium-uiautomator2-server-debug-androidTest.apk'
[35m[UiAutomator2][39m Waiting up to 30000ms for UiAutomator2 to be online...
[debug] [35m[ADB][39m Creating ADB subprocess with args: ["-P",5037,"-s","emulator-5554","shell","am","instrument","-w","io.appium.uiautomator2.server.test/androidx.test.runner.AndroidJUnitRunner"]
[debug] [35m[WD Proxy][39m Matched '/status' to command name 'getStatus'
[debug] [35m[WD Proxy][39m Proxying [GET /status] to [GET http://localhost:8210/wd/hub/status] with no body
[35m[WD Proxy][39m Got an unexpected response: {"errno":"ECONNRESET","code":"ECONNRESET","syscall":"read"}
[debug] [35m[Instrumentation][39m io.appium.uiautomator2.server.test.AppiumUiAutomator2Server:
[debug] [35m[WD Proxy][39m Matched '/status' to command name 'getStatus'
[debug] [35m[WD Proxy][39m Proxying [GET /status] to [GET http://localhost:8210/wd/hub/status] with no body
[35m[WD Proxy][39m Got an unexpected response: {"errno":"ECONNRESET","code":"ECONNRESET","syscall":"read"}
[debug] [35m[WD Proxy][39m Matched '/status' to command name 'getStatus'
[debug] [35m[WD Proxy][39m Proxying [GET /status] to [GET http://localhost:8210/wd/hub/status] with no body
[35m[WD Proxy][39m Got an unexpected response: {"errno":"ECONNRESET","code":"ECONNRESET","syscall":"read"}
[debug] [35m[WD Proxy][39m Matched '/status' to command name 'getStatus'
[debug] [35m[WD Proxy][39m Proxying [GET /status] to [GET http://localhost:8210/wd/hub/status] with no body
[35m[WD Proxy][39m Got an unexpected response: {"errno":"ECONNRESET","code":"ECONNRESET","syscall":"read"}
[debug] [35m[WD Proxy][39m Matched '/status' to command name 'getStatus'
[debug] [35m[WD Proxy][39m Proxying [GET /status] to [GET http://localhost:8210/wd/hub/status] with no body
[debug] [35m[WD Proxy][39m Got response with status 200: "{\"sessionId\":\"None\",\"status\":0,\"value\":\"Status Invoked\"}"
[debug] [35m[WD Proxy][39m Determined that the downstream protocol for proxy is MJSONWP
[debug] [35m[UiAutomator2][39m The initialization of the instrumentation process took 5163ms
[debug] [35m[WD Proxy][39m Matched '/session' to command name 'createSession'
[debug] [35m[WD Proxy][39m Proxying [POST /session] to [POST http://localhost:8210/wd/hub/session] with body: {"desiredCapabilities":{"platform":"LINUX","webStorageEnabled":false,"takesScreenshot":true,"javascriptEnabled":true,"databaseEnabled":false,"networkConnectionEnabled":true,"locationContextEnabled":false,"warnings":{},"desired":{"platformName":"Android","deviceName":"127.0.0.1:5555","platformVersion":"5.1.1","udid":"emulator-5554","app":"D:\\kyb_testProject\\app\\kaoyan3.1.0.apk","appPackage":"com.tal.kaoyan","appActivity":"com.tal.kaoyan.ui.activity.SplashActivity","noReset":false,"unicodeKeyboard":true,"resetKeyboard":true,"automationName":"uiautomator2"},"platformName":"Android","deviceName":"emulator-5554","platformVersion":"5.1.1","udid":"emulator-5554","app":"D:\\kyb_testProject\\app\\kaoyan3.1.0.apk","appPackage":"com.tal.kaoyan","appActivity":"com.tal.kaoyan.ui.activity.SplashActivity","noReset":false,"unicodeKeyboard":true,"resetKeyboard":true,"automationName":"uiautomator2","deviceUDID":"emulator-5554"}}
[debug] [35m[WD Proxy][39m Got response with status 200: {"sessionId":"20399d9c-667e-4249-b607-1cef26cf0d5d","status":0,"value":"Created Session"}
[debug] [35m[WD Proxy][39m Proxying [GET /appium/device/info] to [GET http://localhost:8210/wd/hub/session/20399d9c-667e-4249-b607-1cef26cf0d5d/appium/device/info] with no body
[debug] [35m[WD Proxy][39m Got response with status 200: "{\"sessionId\":\"20399d9c-667e-4249-b607-1cef26cf0d5d\",\"status\":0,\"value\":{\"androidId\":\"7087045594363854\",\"manufacturer\":\"Meizu\",\"model\":\"PRO 6 Plus\",\"brand\":\"Meizu\",\"apiVersion\":\"22\",\"platformVersion\":\"5.1.1\",\"carrierName\":\"China Mobile GSM\",\"realDisplaySize\":\"720x1280\",\"displayDensity\":192,\"networks\":[{\"type\":1,\"typeName\":\"WIFI\",\"subtype\":0,\"subtypeName\":\"\",\"isConnected\":true,\"detailedState\":\"CONNECTED\",\"state\":\"CONNECTED\",\"extraInfo\":\"\\\"ucygy75223\\\"\",\"isAvailable\":true,\"isFailover\":false,\"isRoaming\":false,\"capabilities\":{\"transportTypes\":\"NET_CAPABILITY_SUPL\",\"networkCapabilities\":\"\",\"linkUpstreamBandwidthKbps\":1048576,\"linkDownBandwidthKbps\":1048576,\"signalStrength\":null,\"networkSpecifier\":null,\"SSID\":null}}]}}"
[debug] [35m[ADB][39m Running 'E:\android-sdk-windows\platform-tools\adb.exe -P 5037 -s emulator-5554 shell dumpsys window'
[35m[AndroidDriver][39m Screen already unlocked, doing nothing
[35m[UiAutomator2][39m UiAutomator2 did not start the activity we were waiting for, 'com.tal.kaoyan/com.tal.kaoyan.ui.activity.SplashActivity'. Starting it ourselves
[debug] [35m[ADB][39m Running 'E:\android-sdk-windows\platform-tools\adb.exe -P 5037 -s emulator-5554 shell am start -W -n com.tal.kaoyan/com.tal.kaoyan.ui.activity.SplashActivity -S -a android.intent.action.MAIN -c android.intent.category.LAUNCHER -f 0x10200000'
[debug] [35m[WD Proxy][39m Proxying [GET /appium/device/pixel_ratio] to [GET http://localhost:8210/wd/hub/session/20399d9c-667e-4249-b607-1cef26cf0d5d/appium/device/pixel_ratio] with body: {}
[debug] [35m[WD Proxy][39m Got response with status 200: "{\"sessionId\":\"20399d9c-667e-4249-b607-1cef26cf0d5d\",\"status\":0,\"value\":1.2}"
[debug] [35m[WD Proxy][39m Matched '/appium/device/system_bars' to command name 'getSystemBars'
[debug] [35m[WD Proxy][39m Proxying [GET /appium/device/system_bars] to [GET http://localhost:8210/wd/hub/session/20399d9c-667e-4249-b607-1cef26cf0d5d/appium/device/system_bars] with body: {}
[debug] [35m[WD Proxy][39m Got response with status 200: "{\"sessionId\":\"20399d9c-667e-4249-b607-1cef26cf0d5d\",\"status\":0,\"value\":{\"statusBar\":30}}"
[debug] [35m[WD Proxy][39m Matched '/window/current/size' to command name 'getWindowSize'
[debug] [35m[WD Proxy][39m Proxying [GET /window/current/size] to [GET http://localhost:8210/wd/hub/session/20399d9c-667e-4249-b607-1cef26cf0d5d/window/current/size] with body: {}
[debug] [35m[WD Proxy][39m Got response with status 200: "{\"sessionId\":\"20399d9c-667e-4249-b607-1cef26cf0d5d\",\"status\":0,\"value\":{\"height\":1280,\"width\":720}}"
[35m[Appium][39m New AndroidUiautomator2Driver session created successfully, session 256b259d-e22d-4be3-a89f-2d52cba0b922 added to master session list
[debug] [35m[BaseDriver][39m Event 'newSessionStarted' logged at 1555859352371 (23:09:12 GMT+0800 (GMT+08:00))
[debug] [35m[W3C (256b259d)][39m Cached the protocol value 'W3C' for the new session 256b259d-e22d-4be3-a89f-2d52cba0b922
[debug] [35m[W3C (256b259d)][39m Responding to client with driver.createSession() result: {"capabilities":{"platform":"LINUX","webStorageEnabled":false,"takesScreenshot":true,"javascriptEnabled":true,"databaseEnabled":false,"networkConnectionEnabled":true,"locationContextEnabled":false,"warnings":{},"desired":{"platformName":"Android","deviceName":"127.0.0.1:5555","platformVersion":"5.1.1","udid":"emulator-5554","app":"D:\\kyb_testProject\\app\\kaoyan3.1.0.apk","appPackage":"com.tal.kaoyan","appActivity":"com.tal.kaoyan.ui.activity.SplashActivity","noReset":false,"unicodeKeyboard":true,"resetKeyboard":true,"automationName":"uiautomator2"},"platformName":"Android","deviceName":"emulator-5554","platformVersion":"5.1.1","udid":"emulator-5554","app":"D:\\kyb_testProject\\app\\kaoyan3.1.0.apk","appPackage":"com.tal.kaoyan","appActivity":"com.tal.kaoyan.ui.activity.SplashActivity","noReset":false,"unicodeKeyboard":true,"resetKeyboard":true,"automationName":"uiautomator2","deviceUDID":"emulator-5554","deviceApiLevel":22,"deviceScreenSize":"720x1280","deviceScreenDensity":192,"deviceModel":"PRO 6 Plus"...
[35m[HTTP][39m [37m<-- POST /wd/hub/session [39m[32m200[39m [90m34676 ms - 1210[39m
[35m[HTTP][39m [90m[39m
[35m[HTTP][39m [37m-->[39m [37mPOST[39m [37m/wd/hub/session/256b259d-e22d-4be3-a89f-2d52cba0b922/timeouts[39m
[35m[HTTP][39m [90m{"implicit":5000,"sessionId":"256b259d-e22d-4be3-a89f-2d52cba0b922"}[39m
[debug] [35m[W3C (256b259d)][39m Calling AppiumDriver.timeouts() with args: [null,null,null,null,5000,"256b259d-e22d-4be3-a89f-2d52cba0b922"]
[debug] [35m[BaseDriver][39m W3C timeout argument: {"implicit":5000}}
[debug] [35m[BaseDriver][39m Set implicit wait to 5000ms
[debug] [35m[W3C (256b259d)][39m Responding to client with driver.timeouts() result: null
[35m[HTTP][39m [37m<-- POST /wd/hub/session/256b259d-e22d-4be3-a89f-2d52cba0b922/timeouts [39m[32m200[39m [90m78 ms - 14[39m
[35m[HTTP][39m [90m[39m
[35m[BaseDriver][39m Shutting down because we waited 60 seconds for a command
[debug] [35m[UiAutomator2][39m Deleting UiAutomator2 session
[35m[Appium][39m Closing session, cause was 'New Command Timeout of 60 seconds expired. Try customizing the timeout using the 'newCommandTimeout' desired capability'
[35m[Appium][39m Removing session 256b259d-e22d-4be3-a89f-2d52cba0b922 from our master session list
[debug] [35m[UiAutomator2][39m Deleting UiAutomator2 server session
[debug] [35m[WD Proxy][39m Matched '/' to command name 'deleteSession'
[debug] [35m[WD Proxy][39m Proxying [DELETE /] to [DELETE http://localhost:8210/wd/hub/session/20399d9c-667e-4249-b607-1cef26cf0d5d] with no body
[35m[WD Proxy][39m Got an unexpected response: {"errno":"ECONNRESET","code":"ECONNRESET","syscall":"read"}
[35m[UiAutomator2][39m Did not get confirmation UiAutomator2 deleteSession worked; Error was: UnknownError: An unknown server-side error occurred while processing the command. Original error: Could not proxy command to remote server. Original error: Error: read ECONNRESET
[debug] [35m[UiAutomator2][39m Resetting IME to 'io.appium.settings/.UnicodeIME'
[debug] [35m[ADB][39m Running 'E:\android-sdk-windows\platform-tools\adb.exe -P 5037 -s emulator-5554 shell ime set io.appium.settings/.UnicodeIME'
[debug] [35m[ADB][39m Running 'E:\android-sdk-windows\platform-tools\adb.exe -P 5037 -s emulator-5554 shell am force-stop com.tal.kaoyan'
[debug] [35m[Logcat][39m Stopping logcat capture
[debug] [35m[ADB][39m Removing forwarded port socket connection: 8210 
[debug] [35m[ADB][39m Running 'E:\android-sdk-windows\platform-tools\adb.exe -P 5037 -s emulator-5554 forward --remove tcp\:8210'
[35m[UiAutomator2][39m Unable to remove port forward 'Error executing adbExec. Original error: 'Command 'E\:\\android-sdk-windows\\platform-tools\\adb.exe -P 5037 -s emulator-5554 forward --remove tcp\:8210' exited with code 1'; Stderr: 'error: malformed forward spec
[35m[UiAutomator2][39m error: malformed forward spec'; Code: '1''
[debug] [35m[Instrumentation][39m The process has exited with code 0

(kyb_testProject) D:\kyb_testProject\common>